24-10-06.21:52:20.933 [main-SendThread()] ERROR StaticHostProvider     - Unable to resolve address: zookeeper:2181
java.net.UnknownHostException: zookeeper: nodename nor servname provided, or not known
	at java.net.Inet6AddressImpl.lookupAllHostAddr(Native Method)
	at java.net.InetAddress$2.lookupAllHostAddr(InetAddress.java:929)
	at java.net.InetAddress.getAddressesFromNameService(InetAddress.java:1324)
	at java.net.InetAddress.getAllByName0(InetAddress.java:1277)
	at java.net.InetAddress.getAllByName(InetAddress.java:1193)
	at java.net.InetAddress.getAllByName(InetAddress.java:1127)
	at org.apache.zookeeper.client.StaticHostProvider$1.getAllByName(StaticHostProvider.java:88)
	at org.apache.zookeeper.client.StaticHostProvider.resolve(StaticHostProvider.java:141)
	at org.apache.zookeeper.client.StaticHostProvider.next(StaticHostProvider.java:368)
	at org.apache.zookeeper.ClientCnxn$SendThread.run(ClientCnxn.java:1207)
24-10-06.21:52:20.937 [main-SendThread(zookeeper:2181)] WARN  ClientCnxn             - Session 0x0 for sever zookeeper:2181, Closing socket connection. Attempting reconnect except it is a SessionExpiredException.
java.lang.IllegalArgumentException: Unable to canonicalize address zookeeper:2181 because it's not resolvable
	at org.apache.zookeeper.SaslServerPrincipal.getServerPrincipal(SaslServerPrincipal.java:78)
	at org.apache.zookeeper.SaslServerPrincipal.getServerPrincipal(SaslServerPrincipal.java:41)
	at org.apache.zookeeper.ClientCnxn$SendThread.startConnect(ClientCnxn.java:1161)
	at org.apache.zookeeper.ClientCnxn$SendThread.run(ClientCnxn.java:1210)
24-10-06.21:52:22.050 [main-SendThread(zookeeper:2181)] ERROR StaticHostProvider     - Unable to resolve address: zookeeper:2181
java.net.UnknownHostException: zookeeper
	at java.net.InetAddress.getAllByName0(InetAddress.java:1281)
	at java.net.InetAddress.getAllByName(InetAddress.java:1193)
	at java.net.InetAddress.getAllByName(InetAddress.java:1127)
	at org.apache.zookeeper.client.StaticHostProvider$1.getAllByName(StaticHostProvider.java:88)
	at org.apache.zookeeper.client.StaticHostProvider.resolve(StaticHostProvider.java:141)
	at org.apache.zookeeper.client.StaticHostProvider.next(StaticHostProvider.java:368)
	at org.apache.zookeeper.ClientCnxn$SendThread.run(ClientCnxn.java:1207)
24-10-06.21:52:22.053 [main-SendThread(zookeeper:2181)] WARN  ClientCnxn             - Session 0x0 for sever zookeeper:2181, Closing socket connection. Attempting reconnect except it is a SessionExpiredException.
java.lang.IllegalArgumentException: Unable to canonicalize address zookeeper:2181 because it's not resolvable
	at org.apache.zookeeper.SaslServerPrincipal.getServerPrincipal(SaslServerPrincipal.java:78)
	at org.apache.zookeeper.SaslServerPrincipal.getServerPrincipal(SaslServerPrincipal.java:41)
	at org.apache.zookeeper.ClientCnxn$SendThread.startConnect(ClientCnxn.java:1161)
	at org.apache.zookeeper.ClientCnxn$SendThread.run(ClientCnxn.java:1210)
24-10-06.21:52:23.161 [main-SendThread(zookeeper:2181)] ERROR StaticHostProvider     - Unable to resolve address: zookeeper:2181
java.net.UnknownHostException: zookeeper
	at java.net.InetAddress.getAllByName0(InetAddress.java:1281)
	at java.net.InetAddress.getAllByName(InetAddress.java:1193)
	at java.net.InetAddress.getAllByName(InetAddress.java:1127)
	at org.apache.zookeeper.client.StaticHostProvider$1.getAllByName(StaticHostProvider.java:88)
	at org.apache.zookeeper.client.StaticHostProvider.resolve(StaticHostProvider.java:141)
	at org.apache.zookeeper.client.StaticHostProvider.next(StaticHostProvider.java:368)
	at org.apache.zookeeper.ClientCnxn$SendThread.run(ClientCnxn.java:1207)
24-10-06.21:52:23.165 [main-SendThread(zookeeper:2181)] WARN  ClientCnxn             - Session 0x0 for sever zookeeper:2181, Closing socket connection. Attempting reconnect except it is a SessionExpiredException.
java.lang.IllegalArgumentException: Unable to canonicalize address zookeeper:2181 because it's not resolvable
	at org.apache.zookeeper.SaslServerPrincipal.getServerPrincipal(SaslServerPrincipal.java:78)
	at org.apache.zookeeper.SaslServerPrincipal.getServerPrincipal(SaslServerPrincipal.java:41)
	at org.apache.zookeeper.ClientCnxn$SendThread.startConnect(ClientCnxn.java:1161)
	at org.apache.zookeeper.ClientCnxn$SendThread.run(ClientCnxn.java:1210)
24-10-06.21:52:24.272 [main-SendThread(zookeeper:2181)] ERROR StaticHostProvider     - Unable to resolve address: zookeeper:2181
java.net.UnknownHostException: zookeeper
	at java.net.InetAddress.getAllByName0(InetAddress.java:1281)
	at java.net.InetAddress.getAllByName(InetAddress.java:1193)
	at java.net.InetAddress.getAllByName(InetAddress.java:1127)
	at org.apache.zookeeper.client.StaticHostProvider$1.getAllByName(StaticHostProvider.java:88)
	at org.apache.zookeeper.client.StaticHostProvider.resolve(StaticHostProvider.java:141)
	at org.apache.zookeeper.client.StaticHostProvider.next(StaticHostProvider.java:368)
	at org.apache.zookeeper.ClientCnxn$SendThread.run(ClientCnxn.java:1207)
24-10-06.21:52:24.274 [main-SendThread(zookeeper:2181)] WARN  ClientCnxn             - Session 0x0 for sever zookeeper:2181, Closing socket connection. Attempting reconnect except it is a SessionExpiredException.
java.lang.IllegalArgumentException: Unable to canonicalize address zookeeper:2181 because it's not resolvable
	at org.apache.zookeeper.SaslServerPrincipal.getServerPrincipal(SaslServerPrincipal.java:78)
	at org.apache.zookeeper.SaslServerPrincipal.getServerPrincipal(SaslServerPrincipal.java:41)
	at org.apache.zookeeper.ClientCnxn$SendThread.startConnect(ClientCnxn.java:1161)
	at org.apache.zookeeper.ClientCnxn$SendThread.run(ClientCnxn.java:1210)
24-10-06.21:52:25.386 [main-SendThread(zookeeper:2181)] ERROR StaticHostProvider     - Unable to resolve address: zookeeper:2181
java.net.UnknownHostException: zookeeper
	at java.net.InetAddress.getAllByName0(InetAddress.java:1281)
	at java.net.InetAddress.getAllByName(InetAddress.java:1193)
	at java.net.InetAddress.getAllByName(InetAddress.java:1127)
	at org.apache.zookeeper.client.StaticHostProvider$1.getAllByName(StaticHostProvider.java:88)
	at org.apache.zookeeper.client.StaticHostProvider.resolve(StaticHostProvider.java:141)
	at org.apache.zookeeper.client.StaticHostProvider.next(StaticHostProvider.java:368)
	at org.apache.zookeeper.ClientCnxn$SendThread.run(ClientCnxn.java:1207)
24-10-06.21:52:25.391 [main-SendThread(zookeeper:2181)] WARN  ClientCnxn             - Session 0x0 for sever zookeeper:2181, Closing socket connection. Attempting reconnect except it is a SessionExpiredException.
java.lang.IllegalArgumentException: Unable to canonicalize address zookeeper:2181 because it's not resolvable
	at org.apache.zookeeper.SaslServerPrincipal.getServerPrincipal(SaslServerPrincipal.java:78)
	at org.apache.zookeeper.SaslServerPrincipal.getServerPrincipal(SaslServerPrincipal.java:41)
	at org.apache.zookeeper.ClientCnxn$SendThread.startConnect(ClientCnxn.java:1161)
	at org.apache.zookeeper.ClientCnxn$SendThread.run(ClientCnxn.java:1210)
24-10-06.21:52:26.501 [main-SendThread(zookeeper:2181)] ERROR StaticHostProvider     - Unable to resolve address: zookeeper:2181
java.net.UnknownHostException: zookeeper
	at java.net.InetAddress.getAllByName0(InetAddress.java:1281)
	at java.net.InetAddress.getAllByName(InetAddress.java:1193)
	at java.net.InetAddress.getAllByName(InetAddress.java:1127)
	at org.apache.zookeeper.client.StaticHostProvider$1.getAllByName(StaticHostProvider.java:88)
	at org.apache.zookeeper.client.StaticHostProvider.resolve(StaticHostProvider.java:141)
	at org.apache.zookeeper.client.StaticHostProvider.next(StaticHostProvider.java:368)
	at org.apache.zookeeper.ClientCnxn$SendThread.run(ClientCnxn.java:1207)
24-10-06.21:52:26.503 [main-SendThread(zookeeper:2181)] WARN  ClientCnxn             - Session 0x0 for sever zookeeper:2181, Closing socket connection. Attempting reconnect except it is a SessionExpiredException.
java.lang.IllegalArgumentException: Unable to canonicalize address zookeeper:2181 because it's not resolvable
	at org.apache.zookeeper.SaslServerPrincipal.getServerPrincipal(SaslServerPrincipal.java:78)
	at org.apache.zookeeper.SaslServerPrincipal.getServerPrincipal(SaslServerPrincipal.java:41)
	at org.apache.zookeeper.ClientCnxn$SendThread.startConnect(ClientCnxn.java:1161)
	at org.apache.zookeeper.ClientCnxn$SendThread.run(ClientCnxn.java:1210)
24-10-06.21:52:27.617 [main-SendThread(zookeeper:2181)] ERROR StaticHostProvider     - Unable to resolve address: zookeeper:2181
java.net.UnknownHostException: zookeeper
	at java.net.InetAddress.getAllByName0(InetAddress.java:1281)
	at java.net.InetAddress.getAllByName(InetAddress.java:1193)
	at java.net.InetAddress.getAllByName(InetAddress.java:1127)
	at org.apache.zookeeper.client.StaticHostProvider$1.getAllByName(StaticHostProvider.java:88)
	at org.apache.zookeeper.client.StaticHostProvider.resolve(StaticHostProvider.java:141)
	at org.apache.zookeeper.client.StaticHostProvider.next(StaticHostProvider.java:368)
	at org.apache.zookeeper.ClientCnxn$SendThread.run(ClientCnxn.java:1207)
24-10-06.21:52:27.622 [main-SendThread(zookeeper:2181)] WARN  ClientCnxn             - Session 0x0 for sever zookeeper:2181, Closing socket connection. Attempting reconnect except it is a SessionExpiredException.
java.lang.IllegalArgumentException: Unable to canonicalize address zookeeper:2181 because it's not resolvable
	at org.apache.zookeeper.SaslServerPrincipal.getServerPrincipal(SaslServerPrincipal.java:78)
	at org.apache.zookeeper.SaslServerPrincipal.getServerPrincipal(SaslServerPrincipal.java:41)
	at org.apache.zookeeper.ClientCnxn$SendThread.startConnect(ClientCnxn.java:1161)
	at org.apache.zookeeper.ClientCnxn$SendThread.run(ClientCnxn.java:1210)
24-10-06.21:52:28.733 [main-SendThread(zookeeper:2181)] ERROR StaticHostProvider     - Unable to resolve address: zookeeper:2181
java.net.UnknownHostException: zookeeper
	at java.net.InetAddress.getAllByName0(InetAddress.java:1281)
	at java.net.InetAddress.getAllByName(InetAddress.java:1193)
	at java.net.InetAddress.getAllByName(InetAddress.java:1127)
	at org.apache.zookeeper.client.StaticHostProvider$1.getAllByName(StaticHostProvider.java:88)
	at org.apache.zookeeper.client.StaticHostProvider.resolve(StaticHostProvider.java:141)
	at org.apache.zookeeper.client.StaticHostProvider.next(StaticHostProvider.java:368)
	at org.apache.zookeeper.ClientCnxn$SendThread.run(ClientCnxn.java:1207)
24-10-06.21:52:28.735 [main-SendThread(zookeeper:2181)] WARN  ClientCnxn             - Session 0x0 for sever zookeeper:2181, Closing socket connection. Attempting reconnect except it is a SessionExpiredException.
java.lang.IllegalArgumentException: Unable to canonicalize address zookeeper:2181 because it's not resolvable
	at org.apache.zookeeper.SaslServerPrincipal.getServerPrincipal(SaslServerPrincipal.java:78)
	at org.apache.zookeeper.SaslServerPrincipal.getServerPrincipal(SaslServerPrincipal.java:41)
	at org.apache.zookeeper.ClientCnxn$SendThread.startConnect(ClientCnxn.java:1161)
	at org.apache.zookeeper.ClientCnxn$SendThread.run(ClientCnxn.java:1210)
24-10-06.21:52:29.844 [main-SendThread(zookeeper:2181)] ERROR StaticHostProvider     - Unable to resolve address: zookeeper:2181
java.net.UnknownHostException: zookeeper
	at java.net.InetAddress.getAllByName0(InetAddress.java:1281)
	at java.net.InetAddress.getAllByName(InetAddress.java:1193)
	at java.net.InetAddress.getAllByName(InetAddress.java:1127)
	at org.apache.zookeeper.client.StaticHostProvider$1.getAllByName(StaticHostProvider.java:88)
	at org.apache.zookeeper.client.StaticHostProvider.resolve(StaticHostProvider.java:141)
	at org.apache.zookeeper.client.StaticHostProvider.next(StaticHostProvider.java:368)
	at org.apache.zookeeper.ClientCnxn$SendThread.run(ClientCnxn.java:1207)
24-10-06.21:52:29.845 [main-SendThread(zookeeper:2181)] WARN  ClientCnxn             - Session 0x0 for sever zookeeper:2181, Closing socket connection. Attempting reconnect except it is a SessionExpiredException.
java.lang.IllegalArgumentException: Unable to canonicalize address zookeeper:2181 because it's not resolvable
	at org.apache.zookeeper.SaslServerPrincipal.getServerPrincipal(SaslServerPrincipal.java:78)
	at org.apache.zookeeper.SaslServerPrincipal.getServerPrincipal(SaslServerPrincipal.java:41)
	at org.apache.zookeeper.ClientCnxn$SendThread.startConnect(ClientCnxn.java:1161)
	at org.apache.zookeeper.ClientCnxn$SendThread.run(ClientCnxn.java:1210)
24-10-06.21:52:30.958 [main-SendThread(zookeeper:2181)] ERROR StaticHostProvider     - Unable to resolve address: zookeeper:2181
java.net.UnknownHostException: zookeeper: nodename nor servname provided, or not known
	at java.net.Inet6AddressImpl.lookupAllHostAddr(Native Method)
	at java.net.InetAddress$2.lookupAllHostAddr(InetAddress.java:929)
	at java.net.InetAddress.getAddressesFromNameService(InetAddress.java:1324)
	at java.net.InetAddress.getAllByName0(InetAddress.java:1277)
	at java.net.InetAddress.getAllByName(InetAddress.java:1193)
	at java.net.InetAddress.getAllByName(InetAddress.java:1127)
	at org.apache.zookeeper.client.StaticHostProvider$1.getAllByName(StaticHostProvider.java:88)
	at org.apache.zookeeper.client.StaticHostProvider.resolve(StaticHostProvider.java:141)
	at org.apache.zookeeper.client.StaticHostProvider.next(StaticHostProvider.java:368)
	at org.apache.zookeeper.ClientCnxn$SendThread.run(ClientCnxn.java:1207)
24-10-06.21:52:30.958 [main-SendThread(zookeeper:2181)] WARN  ClientCnxn             - Session 0x0 for sever zookeeper:2181, Closing socket connection. Attempting reconnect except it is a SessionExpiredException.
java.lang.IllegalArgumentException: Unable to canonicalize address zookeeper:2181 because it's not resolvable
	at org.apache.zookeeper.SaslServerPrincipal.getServerPrincipal(SaslServerPrincipal.java:78)
	at org.apache.zookeeper.SaslServerPrincipal.getServerPrincipal(SaslServerPrincipal.java:41)
	at org.apache.zookeeper.ClientCnxn$SendThread.startConnect(ClientCnxn.java:1161)
	at org.apache.zookeeper.ClientCnxn$SendThread.run(ClientCnxn.java:1210)
24-10-06.21:52:32.067 [main-SendThread(zookeeper:2181)] ERROR StaticHostProvider     - Unable to resolve address: zookeeper:2181
java.net.UnknownHostException: zookeeper
	at java.net.InetAddress.getAllByName0(InetAddress.java:1281)
	at java.net.InetAddress.getAllByName(InetAddress.java:1193)
	at java.net.InetAddress.getAllByName(InetAddress.java:1127)
	at org.apache.zookeeper.client.StaticHostProvider$1.getAllByName(StaticHostProvider.java:88)
	at org.apache.zookeeper.client.StaticHostProvider.resolve(StaticHostProvider.java:141)
	at org.apache.zookeeper.client.StaticHostProvider.next(StaticHostProvider.java:368)
	at org.apache.zookeeper.ClientCnxn$SendThread.run(ClientCnxn.java:1207)
24-10-06.21:52:32.077 [main-SendThread(zookeeper:2181)] WARN  ClientCnxn             - Session 0x0 for sever zookeeper:2181, Closing socket connection. Attempting reconnect except it is a SessionExpiredException.
java.lang.IllegalArgumentException: Unable to canonicalize address zookeeper:2181 because it's not resolvable
	at org.apache.zookeeper.SaslServerPrincipal.getServerPrincipal(SaslServerPrincipal.java:78)
	at org.apache.zookeeper.SaslServerPrincipal.getServerPrincipal(SaslServerPrincipal.java:41)
	at org.apache.zookeeper.ClientCnxn$SendThread.startConnect(ClientCnxn.java:1161)
	at org.apache.zookeeper.ClientCnxn$SendThread.run(ClientCnxn.java:1210)
24-10-06.21:52:33.186 [main-SendThread(zookeeper:2181)] ERROR StaticHostProvider     - Unable to resolve address: zookeeper:2181
java.net.UnknownHostException: zookeeper
	at java.net.InetAddress.getAllByName0(InetAddress.java:1281)
	at java.net.InetAddress.getAllByName(InetAddress.java:1193)
	at java.net.InetAddress.getAllByName(InetAddress.java:1127)
	at org.apache.zookeeper.client.StaticHostProvider$1.getAllByName(StaticHostProvider.java:88)
	at org.apache.zookeeper.client.StaticHostProvider.resolve(StaticHostProvider.java:141)
	at org.apache.zookeeper.client.StaticHostProvider.next(StaticHostProvider.java:368)
	at org.apache.zookeeper.ClientCnxn$SendThread.run(ClientCnxn.java:1207)
24-10-06.21:52:33.189 [main-SendThread(zookeeper:2181)] WARN  ClientCnxn             - Session 0x0 for sever zookeeper:2181, Closing socket connection. Attempting reconnect except it is a SessionExpiredException.
java.lang.IllegalArgumentException: Unable to canonicalize address zookeeper:2181 because it's not resolvable
	at org.apache.zookeeper.SaslServerPrincipal.getServerPrincipal(SaslServerPrincipal.java:78)
	at org.apache.zookeeper.SaslServerPrincipal.getServerPrincipal(SaslServerPrincipal.java:41)
	at org.apache.zookeeper.ClientCnxn$SendThread.startConnect(ClientCnxn.java:1161)
	at org.apache.zookeeper.ClientCnxn$SendThread.run(ClientCnxn.java:1210)
24-10-06.21:52:34.300 [main-SendThread(zookeeper:2181)] ERROR StaticHostProvider     - Unable to resolve address: zookeeper:2181
java.net.UnknownHostException: zookeeper
	at java.net.InetAddress.getAllByName0(InetAddress.java:1281)
	at java.net.InetAddress.getAllByName(InetAddress.java:1193)
	at java.net.InetAddress.getAllByName(InetAddress.java:1127)
	at org.apache.zookeeper.client.StaticHostProvider$1.getAllByName(StaticHostProvider.java:88)
	at org.apache.zookeeper.client.StaticHostProvider.resolve(StaticHostProvider.java:141)
	at org.apache.zookeeper.client.StaticHostProvider.next(StaticHostProvider.java:368)
	at org.apache.zookeeper.ClientCnxn$SendThread.run(ClientCnxn.java:1207)
24-10-06.21:52:34.301 [main-SendThread(zookeeper:2181)] WARN  ClientCnxn             - Session 0x0 for sever zookeeper:2181, Closing socket connection. Attempting reconnect except it is a SessionExpiredException.
java.lang.IllegalArgumentException: Unable to canonicalize address zookeeper:2181 because it's not resolvable
	at org.apache.zookeeper.SaslServerPrincipal.getServerPrincipal(SaslServerPrincipal.java:78)
	at org.apache.zookeeper.SaslServerPrincipal.getServerPrincipal(SaslServerPrincipal.java:41)
	at org.apache.zookeeper.ClientCnxn$SendThread.startConnect(ClientCnxn.java:1161)
	at org.apache.zookeeper.ClientCnxn$SendThread.run(ClientCnxn.java:1210)
24-10-06.21:52:35.412 [main-SendThread(zookeeper:2181)] ERROR StaticHostProvider     - Unable to resolve address: zookeeper:2181
java.net.UnknownHostException: zookeeper
	at java.net.InetAddress.getAllByName0(InetAddress.java:1281)
	at java.net.InetAddress.getAllByName(InetAddress.java:1193)
	at java.net.InetAddress.getAllByName(InetAddress.java:1127)
	at org.apache.zookeeper.client.StaticHostProvider$1.getAllByName(StaticHostProvider.java:88)
	at org.apache.zookeeper.client.StaticHostProvider.resolve(StaticHostProvider.java:141)
	at org.apache.zookeeper.client.StaticHostProvider.next(StaticHostProvider.java:368)
	at org.apache.zookeeper.ClientCnxn$SendThread.run(ClientCnxn.java:1207)
24-10-06.21:52:35.414 [main-SendThread(zookeeper:2181)] WARN  ClientCnxn             - Session 0x0 for sever zookeeper:2181, Closing socket connection. Attempting reconnect except it is a SessionExpiredException.
java.lang.IllegalArgumentException: Unable to canonicalize address zookeeper:2181 because it's not resolvable
	at org.apache.zookeeper.SaslServerPrincipal.getServerPrincipal(SaslServerPrincipal.java:78)
	at org.apache.zookeeper.SaslServerPrincipal.getServerPrincipal(SaslServerPrincipal.java:41)
	at org.apache.zookeeper.ClientCnxn$SendThread.startConnect(ClientCnxn.java:1161)
	at org.apache.zookeeper.ClientCnxn$SendThread.run(ClientCnxn.java:1210)
24-10-06.21:52:36.531 [main-SendThread(zookeeper:2181)] ERROR StaticHostProvider     - Unable to resolve address: zookeeper:2181
java.net.UnknownHostException: zookeeper
	at java.net.InetAddress.getAllByName0(InetAddress.java:1281)
	at java.net.InetAddress.getAllByName(InetAddress.java:1193)
	at java.net.InetAddress.getAllByName(InetAddress.java:1127)
	at org.apache.zookeeper.client.StaticHostProvider$1.getAllByName(StaticHostProvider.java:88)
	at org.apache.zookeeper.client.StaticHostProvider.resolve(StaticHostProvider.java:141)
	at org.apache.zookeeper.client.StaticHostProvider.next(StaticHostProvider.java:368)
	at org.apache.zookeeper.ClientCnxn$SendThread.run(ClientCnxn.java:1207)
24-10-06.21:52:36.538 [main-SendThread(zookeeper:2181)] WARN  ClientCnxn             - Session 0x0 for sever zookeeper:2181, Closing socket connection. Attempting reconnect except it is a SessionExpiredException.
java.lang.IllegalArgumentException: Unable to canonicalize address zookeeper:2181 because it's not resolvable
	at org.apache.zookeeper.SaslServerPrincipal.getServerPrincipal(SaslServerPrincipal.java:78)
	at org.apache.zookeeper.SaslServerPrincipal.getServerPrincipal(SaslServerPrincipal.java:41)
	at org.apache.zookeeper.ClientCnxn$SendThread.startConnect(ClientCnxn.java:1161)
	at org.apache.zookeeper.ClientCnxn$SendThread.run(ClientCnxn.java:1210)
24-10-06.21:52:37.658 [main-SendThread(zookeeper:2181)] ERROR StaticHostProvider     - Unable to resolve address: zookeeper:2181
java.net.UnknownHostException: zookeeper
	at java.net.InetAddress.getAllByName0(InetAddress.java:1281)
	at java.net.InetAddress.getAllByName(InetAddress.java:1193)
	at java.net.InetAddress.getAllByName(InetAddress.java:1127)
	at org.apache.zookeeper.client.StaticHostProvider$1.getAllByName(StaticHostProvider.java:88)
	at org.apache.zookeeper.client.StaticHostProvider.resolve(StaticHostProvider.java:141)
	at org.apache.zookeeper.client.StaticHostProvider.next(StaticHostProvider.java:368)
	at org.apache.zookeeper.ClientCnxn$SendThread.run(ClientCnxn.java:1207)
24-10-06.21:52:37.662 [main-SendThread(zookeeper:2181)] WARN  ClientCnxn             - Session 0x0 for sever zookeeper:2181, Closing socket connection. Attempting reconnect except it is a SessionExpiredException.
java.lang.IllegalArgumentException: Unable to canonicalize address zookeeper:2181 because it's not resolvable
	at org.apache.zookeeper.SaslServerPrincipal.getServerPrincipal(SaslServerPrincipal.java:78)
	at org.apache.zookeeper.SaslServerPrincipal.getServerPrincipal(SaslServerPrincipal.java:41)
	at org.apache.zookeeper.ClientCnxn$SendThread.startConnect(ClientCnxn.java:1161)
	at org.apache.zookeeper.ClientCnxn$SendThread.run(ClientCnxn.java:1210)
24-10-06.21:52:38.771 [main-SendThread(zookeeper:2181)] ERROR StaticHostProvider     - Unable to resolve address: zookeeper:2181
java.net.UnknownHostException: zookeeper
	at java.net.InetAddress.getAllByName0(InetAddress.java:1281)
	at java.net.InetAddress.getAllByName(InetAddress.java:1193)
	at java.net.InetAddress.getAllByName(InetAddress.java:1127)
	at org.apache.zookeeper.client.StaticHostProvider$1.getAllByName(StaticHostProvider.java:88)
	at org.apache.zookeeper.client.StaticHostProvider.resolve(StaticHostProvider.java:141)
	at org.apache.zookeeper.client.StaticHostProvider.next(StaticHostProvider.java:368)
	at org.apache.zookeeper.ClientCnxn$SendThread.run(ClientCnxn.java:1207)
24-10-06.21:52:38.773 [main-SendThread(zookeeper:2181)] WARN  ClientCnxn             - Session 0x0 for sever zookeeper:2181, Closing socket connection. Attempting reconnect except it is a SessionExpiredException.
java.lang.IllegalArgumentException: Unable to canonicalize address zookeeper:2181 because it's not resolvable
	at org.apache.zookeeper.SaslServerPrincipal.getServerPrincipal(SaslServerPrincipal.java:78)
	at org.apache.zookeeper.SaslServerPrincipal.getServerPrincipal(SaslServerPrincipal.java:41)
	at org.apache.zookeeper.ClientCnxn$SendThread.startConnect(ClientCnxn.java:1161)
	at org.apache.zookeeper.ClientCnxn$SendThread.run(ClientCnxn.java:1210)
24-10-06.21:52:39.883 [main-SendThread(zookeeper:2181)] ERROR StaticHostProvider     - Unable to resolve address: zookeeper:2181
java.net.UnknownHostException: zookeeper
	at java.net.InetAddress.getAllByName0(InetAddress.java:1281)
	at java.net.InetAddress.getAllByName(InetAddress.java:1193)
	at java.net.InetAddress.getAllByName(InetAddress.java:1127)
	at org.apache.zookeeper.client.StaticHostProvider$1.getAllByName(StaticHostProvider.java:88)
	at org.apache.zookeeper.client.StaticHostProvider.resolve(StaticHostProvider.java:141)
	at org.apache.zookeeper.client.StaticHostProvider.next(StaticHostProvider.java:368)
	at org.apache.zookeeper.ClientCnxn$SendThread.run(ClientCnxn.java:1207)
24-10-06.21:52:39.885 [main-SendThread(zookeeper:2181)] WARN  ClientCnxn             - Session 0x0 for sever zookeeper:2181, Closing socket connection. Attempting reconnect except it is a SessionExpiredException.
java.lang.IllegalArgumentException: Unable to canonicalize address zookeeper:2181 because it's not resolvable
	at org.apache.zookeeper.SaslServerPrincipal.getServerPrincipal(SaslServerPrincipal.java:78)
	at org.apache.zookeeper.SaslServerPrincipal.getServerPrincipal(SaslServerPrincipal.java:41)
	at org.apache.zookeeper.ClientCnxn$SendThread.startConnect(ClientCnxn.java:1161)
	at org.apache.zookeeper.ClientCnxn$SendThread.run(ClientCnxn.java:1210)
24-10-06.21:52:41.004 [main-SendThread(zookeeper:2181)] ERROR StaticHostProvider     - Unable to resolve address: zookeeper:2181
java.net.UnknownHostException: zookeeper: nodename nor servname provided, or not known
	at java.net.Inet6AddressImpl.lookupAllHostAddr(Native Method)
	at java.net.InetAddress$2.lookupAllHostAddr(InetAddress.java:929)
	at java.net.InetAddress.getAddressesFromNameService(InetAddress.java:1324)
	at java.net.InetAddress.getAllByName0(InetAddress.java:1277)
	at java.net.InetAddress.getAllByName(InetAddress.java:1193)
	at java.net.InetAddress.getAllByName(InetAddress.java:1127)
	at org.apache.zookeeper.client.StaticHostProvider$1.getAllByName(StaticHostProvider.java:88)
	at org.apache.zookeeper.client.StaticHostProvider.resolve(StaticHostProvider.java:141)
	at org.apache.zookeeper.client.StaticHostProvider.next(StaticHostProvider.java:368)
	at org.apache.zookeeper.ClientCnxn$SendThread.run(ClientCnxn.java:1207)
24-10-06.21:52:41.005 [main-SendThread(zookeeper:2181)] WARN  ClientCnxn             - Session 0x0 for sever zookeeper:2181, Closing socket connection. Attempting reconnect except it is a SessionExpiredException.
java.lang.IllegalArgumentException: Unable to canonicalize address zookeeper:2181 because it's not resolvable
	at org.apache.zookeeper.SaslServerPrincipal.getServerPrincipal(SaslServerPrincipal.java:78)
	at org.apache.zookeeper.SaslServerPrincipal.getServerPrincipal(SaslServerPrincipal.java:41)
	at org.apache.zookeeper.ClientCnxn$SendThread.startConnect(ClientCnxn.java:1161)
	at org.apache.zookeeper.ClientCnxn$SendThread.run(ClientCnxn.java:1210)
24-10-06.21:52:42.116 [main-SendThread(zookeeper:2181)] ERROR StaticHostProvider     - Unable to resolve address: zookeeper:2181
java.net.UnknownHostException: zookeeper
	at java.net.InetAddress.getAllByName0(InetAddress.java:1281)
	at java.net.InetAddress.getAllByName(InetAddress.java:1193)
	at java.net.InetAddress.getAllByName(InetAddress.java:1127)
	at org.apache.zookeeper.client.StaticHostProvider$1.getAllByName(StaticHostProvider.java:88)
	at org.apache.zookeeper.client.StaticHostProvider.resolve(StaticHostProvider.java:141)
	at org.apache.zookeeper.client.StaticHostProvider.next(StaticHostProvider.java:368)
	at org.apache.zookeeper.ClientCnxn$SendThread.run(ClientCnxn.java:1207)
24-10-06.21:52:42.117 [main-SendThread(zookeeper:2181)] WARN  ClientCnxn             - Session 0x0 for sever zookeeper:2181, Closing socket connection. Attempting reconnect except it is a SessionExpiredException.
java.lang.IllegalArgumentException: Unable to canonicalize address zookeeper:2181 because it's not resolvable
	at org.apache.zookeeper.SaslServerPrincipal.getServerPrincipal(SaslServerPrincipal.java:78)
	at org.apache.zookeeper.SaslServerPrincipal.getServerPrincipal(SaslServerPrincipal.java:41)
	at org.apache.zookeeper.ClientCnxn$SendThread.startConnect(ClientCnxn.java:1161)
	at org.apache.zookeeper.ClientCnxn$SendThread.run(ClientCnxn.java:1210)
24-10-06.21:52:42.800 [Curator-Framework-0] ERROR CuratorFrameworkImpl   - Background operation retry gave up
org.apache.zookeeper.KeeperException$ConnectionLossException: KeeperErrorCode = ConnectionLoss
	at org.apache.zookeeper.KeeperException.create(KeeperException.java:102)
	at org.apache.curator.framework.imps.CuratorFrameworkImpl.checkBackgroundRetry(CuratorFrameworkImpl.java:885)
	at org.apache.curator.framework.imps.CuratorFrameworkImpl.performBackgroundOperation(CuratorFrameworkImpl.java:1033)
	at org.apache.curator.framework.imps.CuratorFrameworkImpl.backgroundOperationsLoop(CuratorFrameworkImpl.java:986)
	at org.apache.curator.framework.imps.CuratorFrameworkImpl.access$300(CuratorFrameworkImpl.java:97)
	at org.apache.curator.framework.imps.CuratorFrameworkImpl$4.call(CuratorFrameworkImpl.java:376)
	at java.util.concurrent.FutureTask.run$$$capture(FutureTask.java:266)
	at java.util.concurrent.FutureTask.run(FutureTask.java)
	at java.util.concurrent.ScheduledThreadPoolExecutor$ScheduledFutureTask.access$201(ScheduledThreadPoolExecutor.java:180)
	at java.util.concurrent.ScheduledThreadPoolExecutor$ScheduledFutureTask.run(ScheduledThreadPoolExecutor.java:293)
	at java.util.concurrent.ThreadPoolExecutor.runWorker(ThreadPoolExecutor.java:1149)
	at java.util.concurrent.ThreadPoolExecutor$Worker.run(ThreadPoolExecutor.java:624)
	at java.lang.Thread.run(Thread.java:748)
24-10-06.21:52:42.813 [Curator-Framework-0] ERROR CuratorFrameworkImpl   - Background retry gave up
org.apache.curator.CuratorConnectionLossException: KeeperErrorCode = ConnectionLoss
	at org.apache.curator.framework.imps.CuratorFrameworkImpl.performBackgroundOperation(CuratorFrameworkImpl.java:1015)
	at org.apache.curator.framework.imps.CuratorFrameworkImpl.backgroundOperationsLoop(CuratorFrameworkImpl.java:986)
	at org.apache.curator.framework.imps.CuratorFrameworkImpl.access$300(CuratorFrameworkImpl.java:97)
	at org.apache.curator.framework.imps.CuratorFrameworkImpl$4.call(CuratorFrameworkImpl.java:376)
	at java.util.concurrent.FutureTask.run$$$capture(FutureTask.java:266)
	at java.util.concurrent.FutureTask.run(FutureTask.java)
	at java.util.concurrent.ScheduledThreadPoolExecutor$ScheduledFutureTask.access$201(ScheduledThreadPoolExecutor.java:180)
	at java.util.concurrent.ScheduledThreadPoolExecutor$ScheduledFutureTask.run(ScheduledThreadPoolExecutor.java:293)
	at java.util.concurrent.ThreadPoolExecutor.runWorker(ThreadPoolExecutor.java:1149)
	at java.util.concurrent.ThreadPoolExecutor$Worker.run(ThreadPoolExecutor.java:624)
	at java.lang.Thread.run(Thread.java:748)
24-10-06.21:52:43.227 [main-SendThread(zookeeper:2181)] ERROR StaticHostProvider     - Unable to resolve address: zookeeper:2181
java.net.UnknownHostException: zookeeper
	at java.net.InetAddress.getAllByName0(InetAddress.java:1281)
	at java.net.InetAddress.getAllByName(InetAddress.java:1193)
	at java.net.InetAddress.getAllByName(InetAddress.java:1127)
	at org.apache.zookeeper.client.StaticHostProvider$1.getAllByName(StaticHostProvider.java:88)
	at org.apache.zookeeper.client.StaticHostProvider.resolve(StaticHostProvider.java:141)
	at org.apache.zookeeper.client.StaticHostProvider.next(StaticHostProvider.java:368)
	at org.apache.zookeeper.ClientCnxn$SendThread.run(ClientCnxn.java:1207)
24-10-06.21:52:43.228 [main-SendThread(zookeeper:2181)] WARN  ClientCnxn             - Session 0x0 for sever zookeeper:2181, Closing socket connection. Attempting reconnect except it is a SessionExpiredException.
java.lang.IllegalArgumentException: Unable to canonicalize address zookeeper:2181 because it's not resolvable
	at org.apache.zookeeper.SaslServerPrincipal.getServerPrincipal(SaslServerPrincipal.java:78)
	at org.apache.zookeeper.SaslServerPrincipal.getServerPrincipal(SaslServerPrincipal.java:41)
	at org.apache.zookeeper.ClientCnxn$SendThread.startConnect(ClientCnxn.java:1161)
	at org.apache.zookeeper.ClientCnxn$SendThread.run(ClientCnxn.java:1210)
24-10-06.21:52:44.341 [main-SendThread(zookeeper:2181)] ERROR StaticHostProvider     - Unable to resolve address: zookeeper:2181
java.net.UnknownHostException: zookeeper
	at java.net.InetAddress.getAllByName0(InetAddress.java:1281)
	at java.net.InetAddress.getAllByName(InetAddress.java:1193)
	at java.net.InetAddress.getAllByName(InetAddress.java:1127)
	at org.apache.zookeeper.client.StaticHostProvider$1.getAllByName(StaticHostProvider.java:88)
	at org.apache.zookeeper.client.StaticHostProvider.resolve(StaticHostProvider.java:141)
	at org.apache.zookeeper.client.StaticHostProvider.next(StaticHostProvider.java:368)
	at org.apache.zookeeper.ClientCnxn$SendThread.run(ClientCnxn.java:1207)
24-10-06.21:52:44.349 [main-SendThread(zookeeper:2181)] WARN  ClientCnxn             - Session 0x0 for sever zookeeper:2181, Closing socket connection. Attempting reconnect except it is a SessionExpiredException.
java.lang.IllegalArgumentException: Unable to canonicalize address zookeeper:2181 because it's not resolvable
	at org.apache.zookeeper.SaslServerPrincipal.getServerPrincipal(SaslServerPrincipal.java:78)
	at org.apache.zookeeper.SaslServerPrincipal.getServerPrincipal(SaslServerPrincipal.java:41)
	at org.apache.zookeeper.ClientCnxn$SendThread.startConnect(ClientCnxn.java:1161)
	at org.apache.zookeeper.ClientCnxn$SendThread.run(ClientCnxn.java:1210)
