2024/09/29 18:55:29 [notice] 1#1: using the "epoll" event method
2024/09/29 18:55:29 [notice] 1#1: nginx/1.25.1
2024/09/29 18:55:29 [notice] 1#1: built by gcc 12.2.0 (Debian 12.2.0-14) 
2024/09/29 18:55:29 [notice] 1#1: OS: Linux 6.10.4-linuxkit
2024/09/29 18:55:29 [notice] 1#1: getrlimit(RLIMIT_NOFILE): 1048576:1048576
2024/09/29 18:55:29 [notice] 1#1: start worker processes
2024/09/29 18:55:29 [notice] 1#1: start worker process 20
2024/09/29 18:55:29 [notice] 1#1: start worker process 21
2024/09/29 18:55:29 [notice] 1#1: start worker process 22
2024/09/29 18:55:29 [notice] 1#1: start worker process 23
2024/09/29 18:55:29 [notice] 1#1: start worker process 24
2024/09/29 18:55:29 [notice] 1#1: start worker process 25
2024/09/29 18:55:29 [notice] 1#1: start worker process 26
2024/09/29 18:55:29 [notice] 1#1: start worker process 27
2024/09/29 18:55:29 [notice] 1#1: start worker process 28
2024/09/29 18:55:29 [notice] 1#1: start worker process 29
2024/09/30 05:17:48 [notice] 1#1: using the "epoll" event method
2024/09/30 05:17:48 [notice] 1#1: nginx/1.25.1
2024/09/30 05:17:48 [notice] 1#1: built by gcc 12.2.0 (Debian 12.2.0-14) 
2024/09/30 05:17:48 [notice] 1#1: OS: Linux 6.10.4-linuxkit
2024/09/30 05:17:48 [notice] 1#1: getrlimit(RLIMIT_NOFILE): 1048576:1048576
2024/09/30 05:17:48 [notice] 1#1: start worker processes
2024/09/30 05:17:48 [notice] 1#1: start worker process 20
2024/09/30 05:17:48 [notice] 1#1: start worker process 21
2024/09/30 05:17:48 [notice] 1#1: start worker process 22
2024/09/30 05:17:48 [notice] 1#1: start worker process 23
2024/09/30 05:17:48 [notice] 1#1: start worker process 24
2024/09/30 05:17:48 [notice] 1#1: start worker process 25
2024/09/30 05:17:48 [notice] 1#1: start worker process 26
2024/09/30 05:17:48 [notice] 1#1: start worker process 27
2024/09/30 05:17:48 [notice] 1#1: start worker process 28
2024/09/30 05:17:48 [notice] 1#1: start worker process 29
2024/09/30 09:19:11 [notice] 1#1: using the "epoll" event method
2024/09/30 09:19:11 [notice] 1#1: nginx/1.25.1
2024/09/30 09:19:11 [notice] 1#1: built by gcc 12.2.0 (Debian 12.2.0-14) 
2024/09/30 09:19:11 [notice] 1#1: OS: Linux 6.10.4-linuxkit
2024/09/30 09:19:11 [notice] 1#1: getrlimit(RLIMIT_NOFILE): 1048576:1048576
2024/09/30 09:19:11 [notice] 1#1: start worker processes
2024/09/30 09:19:11 [notice] 1#1: start worker process 20
2024/09/30 09:19:11 [notice] 1#1: start worker process 21
2024/09/30 09:19:11 [notice] 1#1: start worker process 22
2024/09/30 09:19:11 [notice] 1#1: start worker process 23
2024/09/30 09:19:11 [notice] 1#1: start worker process 24
2024/09/30 09:19:11 [notice] 1#1: start worker process 25
2024/09/30 09:19:11 [notice] 1#1: start worker process 26
2024/09/30 09:19:11 [notice] 1#1: start worker process 27
2024/09/30 09:19:11 [notice] 1#1: start worker process 28
2024/09/30 09:19:11 [notice] 1#1: start worker process 29
2024/10/05 17:36:48 [emerg] 1#1: "http" directive is not allowed here in /etc/nginx/conf.d/api.localhost.conf:1
2024/10/05 17:36:49 [emerg] 1#1: "http" directive is not allowed here in /etc/nginx/conf.d/api.localhost.conf:1
2024/10/05 17:36:50 [emerg] 1#1: "http" directive is not allowed here in /etc/nginx/conf.d/api.localhost.conf:1
2024/10/05 17:36:50 [emerg] 1#1: "http" directive is not allowed here in /etc/nginx/conf.d/api.localhost.conf:1
2024/10/05 17:36:51 [emerg] 1#1: "http" directive is not allowed here in /etc/nginx/conf.d/api.localhost.conf:1
2024/10/05 17:36:53 [emerg] 1#1: "http" directive is not allowed here in /etc/nginx/conf.d/api.localhost.conf:1
2024/10/05 17:36:57 [emerg] 1#1: "http" directive is not allowed here in /etc/nginx/conf.d/api.localhost.conf:1
2024/10/05 17:37:03 [emerg] 1#1: "http" directive is not allowed here in /etc/nginx/conf.d/api.localhost.conf:1
2024/10/05 17:37:16 [emerg] 1#1: "http" directive is not allowed here in /etc/nginx/conf.d/api.localhost.conf:1
2024/10/05 17:37:42 [emerg] 1#1: "http" directive is not allowed here in /etc/nginx/conf.d/api.localhost.conf:1
2024/10/05 17:38:33 [emerg] 1#1: "http" directive is not allowed here in /etc/nginx/conf.d/api.localhost.conf:1
2024/10/05 17:39:33 [emerg] 1#1: "http" directive is not allowed here in /etc/nginx/conf.d/api.localhost.conf:1
2024/10/05 17:40:33 [emerg] 1#1: "http" directive is not allowed here in /etc/nginx/conf.d/api.localhost.conf:1
2024/10/05 17:41:34 [emerg] 1#1: "http" directive is not allowed here in /etc/nginx/conf.d/api.localhost.conf:1
2024/10/05 17:42:34 [emerg] 1#1: "http" directive is not allowed here in /etc/nginx/conf.d/api.localhost.conf:1
2024/10/05 17:42:53 [notice] 1#1: using the "epoll" event method
2024/10/05 17:42:53 [notice] 1#1: nginx/1.27.1
2024/10/05 17:42:53 [notice] 1#1: built by gcc 12.2.0 (Debian 12.2.0-14) 
2024/10/05 17:42:53 [notice] 1#1: OS: Linux 6.10.4-linuxkit
2024/10/05 17:42:53 [notice] 1#1: getrlimit(RLIMIT_NOFILE): 1048576:1048576
2024/10/05 17:42:53 [notice] 1#1: start worker processes
2024/10/05 17:42:53 [notice] 1#1: start worker process 19
2024/10/05 17:42:53 [notice] 1#1: start worker process 20
2024/10/05 17:42:53 [notice] 1#1: start worker process 21
2024/10/05 17:42:53 [notice] 1#1: start worker process 22
2024/10/05 17:42:53 [notice] 1#1: start worker process 23
2024/10/05 17:42:53 [notice] 1#1: start worker process 24
2024/10/05 17:42:53 [notice] 1#1: start worker process 25
2024/10/05 17:42:53 [notice] 1#1: start worker process 26
2024/10/05 17:42:53 [notice] 1#1: start worker process 27
2024/10/05 17:42:53 [notice] 1#1: start worker process 28
2024/10/05 17:49:19 [notice] 1#1: using the "epoll" event method
2024/10/05 17:49:19 [notice] 1#1: nginx/1.27.1
2024/10/05 17:49:19 [notice] 1#1: built by gcc 12.2.0 (Debian 12.2.0-14) 
2024/10/05 17:49:19 [notice] 1#1: OS: Linux 6.10.4-linuxkit
2024/10/05 17:49:19 [notice] 1#1: getrlimit(RLIMIT_NOFILE): 1048576:1048576
2024/10/05 17:49:19 [notice] 1#1: start worker processes
2024/10/05 17:49:19 [notice] 1#1: start worker process 19
2024/10/05 17:49:19 [notice] 1#1: start worker process 20
2024/10/05 17:49:19 [notice] 1#1: start worker process 21
2024/10/05 17:49:19 [notice] 1#1: start worker process 22
2024/10/05 17:49:19 [notice] 1#1: start worker process 23
2024/10/05 17:49:19 [notice] 1#1: start worker process 24
2024/10/05 17:49:19 [notice] 1#1: start worker process 25
2024/10/05 17:49:19 [notice] 1#1: start worker process 26
2024/10/05 17:49:19 [notice] 1#1: start worker process 27
2024/10/05 17:49:19 [notice] 1#1: start worker process 28
2024/10/05 18:03:42 [notice] 1#1: using the "epoll" event method
2024/10/05 18:03:42 [notice] 1#1: nginx/1.27.1
2024/10/05 18:03:42 [notice] 1#1: built by gcc 12.2.0 (Debian 12.2.0-14) 
2024/10/05 18:03:42 [notice] 1#1: OS: Linux 6.10.4-linuxkit
2024/10/05 18:03:42 [notice] 1#1: getrlimit(RLIMIT_NOFILE): 1048576:1048576
2024/10/05 18:03:42 [notice] 1#1: start worker processes
2024/10/05 18:03:42 [notice] 1#1: start worker process 20
2024/10/05 18:03:42 [notice] 1#1: start worker process 21
2024/10/05 18:03:42 [notice] 1#1: start worker process 22
2024/10/05 18:03:42 [notice] 1#1: start worker process 23
2024/10/05 18:03:42 [notice] 1#1: start worker process 24
2024/10/05 18:03:42 [notice] 1#1: start worker process 25
2024/10/05 18:03:42 [notice] 1#1: start worker process 26
2024/10/05 18:03:42 [notice] 1#1: start worker process 27
2024/10/05 18:03:42 [notice] 1#1: start worker process 28
2024/10/05 18:03:42 [notice] 1#1: start worker process 29
2024/10/09 01:02:17 [notice] 1#1: signal 3 (SIGQUIT) received, shutting down
2024/10/09 01:02:17 [notice] 21#21: gracefully shutting down
2024/10/09 01:02:17 [notice] 22#22: gracefully shutting down
2024/10/09 01:02:17 [notice] 22#22: exiting
2024/10/09 01:02:17 [notice] 27#27: gracefully shutting down
2024/10/09 01:02:17 [notice] 27#27: exiting
2024/10/09 01:02:17 [notice] 23#23: gracefully shutting down
2024/10/09 01:02:17 [notice] 26#26: gracefully shutting down
2024/10/09 01:02:17 [notice] 26#26: exiting
2024/10/09 01:02:17 [notice] 24#24: gracefully shutting down
2024/10/09 01:02:17 [notice] 28#28: gracefully shutting down
2024/10/09 01:02:17 [notice] 28#28: exiting
2024/10/09 01:02:17 [notice] 29#29: gracefully shutting down
2024/10/09 01:02:17 [notice] 29#29: exiting
2024/10/09 01:02:17 [notice] 20#20: gracefully shutting down
2024/10/09 01:02:17 [notice] 20#20: exiting
2024/10/09 01:02:17 [notice] 21#21: exiting
2024/10/09 01:02:17 [notice] 21#21: exit
2024/10/09 01:02:17 [notice] 25#25: gracefully shutting down
2024/10/09 01:02:17 [notice] 25#25: exiting
2024/10/09 01:02:17 [notice] 22#22: exit
2024/10/09 01:02:17 [notice] 27#27: exit
2024/10/09 01:02:17 [notice] 23#23: exiting
2024/10/09 01:02:17 [notice] 26#26: exit
2024/10/09 01:02:17 [notice] 24#24: exiting
2024/10/09 01:02:17 [notice] 28#28: exit
2024/10/09 01:02:17 [notice] 29#29: exit
2024/10/09 01:02:17 [notice] 20#20: exit
2024/10/09 01:02:17 [notice] 25#25: exit
2024/10/09 01:02:17 [notice] 23#23: exit
2024/10/09 01:02:17 [notice] 24#24: exit
2024/10/09 01:02:17 [notice] 1#1: signal 17 (SIGCHLD) received from 23
2024/10/09 01:02:17 [notice] 1#1: worker process 21 exited with code 0
2024/10/09 01:02:17 [notice] 1#1: worker process 22 exited with code 0
2024/10/09 01:02:17 [notice] 1#1: worker process 23 exited with code 0
2024/10/09 01:02:17 [notice] 1#1: worker process 24 exited with code 0
2024/10/09 01:02:17 [notice] 1#1: worker process 28 exited with code 0
2024/10/09 01:02:17 [notice] 1#1: signal 29 (SIGIO) received
2024/10/09 01:02:17 [notice] 1#1: signal 17 (SIGCHLD) received from 22
2024/10/09 01:02:17 [notice] 1#1: signal 17 (SIGCHLD) received from 29
2024/10/09 01:02:17 [notice] 1#1: worker process 25 exited with code 0
2024/10/09 01:02:17 [notice] 1#1: worker process 26 exited with code 0
2024/10/09 01:02:17 [notice] 1#1: worker process 27 exited with code 0
2024/10/09 01:02:17 [notice] 1#1: worker process 29 exited with code 0
2024/10/09 01:02:17 [notice] 1#1: signal 29 (SIGIO) received
2024/10/09 01:02:17 [notice] 1#1: signal 17 (SIGCHLD) received from 26
2024/10/09 01:02:17 [notice] 1#1: signal 17 (SIGCHLD) received from 20
2024/10/09 01:02:17 [notice] 1#1: worker process 20 exited with code 0
2024/10/09 01:02:17 [notice] 1#1: exit
